Build started 20.12.2012 10:23:45.
     1>Project "C:\Users\Marko\Desktop\Store 3 - Binary Search Tree\Shop 3\Shop 3.vcxproj" on node 2 (build target(s)).
     1>PrepareForBuild:
         Creating directory "C:\Users\Marko\Desktop\Store 3 - Binary Search Tree\Debug\".
       InitializeBuildStatus:
         Creating "Debug\Shop 3.unsuccessfulbuild" because "AlwaysCreate" was specified.
       ClCompile:
         C:\Program Files (x86)\Microsoft Visual Studio 10.0\VC\bin\CL.exe /c /ZI /nologo /W3 /WX- /Od /Oy- /D WIN32 /D _DEBUG /D _CONSOLE /D _UNICODE /D UNICODE /Gm /EHsc /RTC1 /MDd /GS /fp:precise /Zc:wchar_t /Zc:forScope /Fo"Debug\\" /Fd"Debug\vc100.pdb" /Gd /TC /analyze- /errorReport:prompt main.c
         main.c
     1>c:\users\marko\desktop\store 3 - binary search tree\shop 3\main.c(65): warning C4996: 'strcpy': This function or variable may be unsafe. Consider using strcpy_s instead. To disable deprecation, use _CRT_SECURE_NO_WARNINGS. See online help for details.
                 c:\program files (x86)\microsoft visual studio 10.0\vc\include\string.h(105) : see declaration of 'strcpy'
     1>c:\users\marko\desktop\store 3 - binary search tree\shop 3\main.c(72): warning C4996: 'strcpy': This function or variable may be unsafe. Consider using strcpy_s instead. To disable deprecation, use _CRT_SECURE_NO_WARNINGS. See online help for details.
                 c:\program files (x86)\microsoft visual studio 10.0\vc\include\string.h(105) : see declaration of 'strcpy'
     1>c:\users\marko\desktop\store 3 - binary search tree\shop 3\main.c(79): warning C4996: 'strcpy': This function or variable may be unsafe. Consider using strcpy_s instead. To disable deprecation, use _CRT_SECURE_NO_WARNINGS. See online help for details.
                 c:\program files (x86)\microsoft visual studio 10.0\vc\include\string.h(105) : see declaration of 'strcpy'
     1>c:\users\marko\desktop\store 3 - binary search tree\shop 3\main.c(81): warning C4305: '=' : truncation from 'double' to 'float'
     1>c:\users\marko\desktop\store 3 - binary search tree\shop 3\main.c(86): warning C4996: 'strcpy': This function or variable may be unsafe. Consider using strcpy_s instead. To disable deprecation, use _CRT_SECURE_NO_WARNINGS. See online help for details.
                 c:\program files (x86)\microsoft visual studio 10.0\vc\include\string.h(105) : see declaration of 'strcpy'
     1>c:\users\marko\desktop\store 3 - binary search tree\shop 3\main.c(114): warning C4996: 'getch': The POSIX name for this item is deprecated. Instead, use the ISO C++ conformant name: _getch. See online help for details.
                 c:\program files (x86)\microsoft visual studio 10.0\vc\include\conio.h(128) : see declaration of 'getch'
     1>c:\users\marko\desktop\store 3 - binary search tree\shop 3\main.c(51): warning C4101: 'delete1' : unreferenced local variable
     1>c:\users\marko\desktop\store 3 - binary search tree\shop 3\main.c(52): warning C4101: 'delete2' : unreferenced local variable
       ManifestResourceCompile:
         All outputs are up-to-date.
       Link:
         C:\Program Files (x86)\Microsoft Visual Studio 10.0\VC\bin\link.exe /ERRORREPORT:PROMPT /OUT:"C:\Users\Marko\Desktop\Store 3 - Binary Search Tree\Debug\Shop 3.exe" /INCREMENTAL /NOLOGO kernel32.lib user32.lib gdi32.lib winspool.lib comdlg32.lib advapi32.lib shell32.lib ole32.lib oleaut32.lib uuid.lib odbc32.lib odbccp32.lib /MANIFEST /ManifestFile:"Debug\Shop 3.exe.intermediate.manifest" /MANIFESTUAC:"level='asInvoker' uiAccess='false'" /DEBUG /PDB:"C:\Users\Marko\Desktop\Store 3 - Binary Search Tree\Debug\Shop 3.pdb" /SUBSYSTEM:CONSOLE /TLBID:1 /DYNAMICBASE /NXCOMPAT /IMPLIB:"C:\Users\Marko\Desktop\Store 3 - Binary Search Tree\Debug\Shop 3.lib" /MACHINE:X86 "Debug\Shop 3.exe.embed.manifest.res"
         Debug\file.obj
         Debug\main.obj
         Debug\product.obj
         Debug\utils.obj
       Manifest:
         C:\Program Files (x86)\Microsoft SDKs\Windows\v7.0A\bin\mt.exe /nologo /verbose /out:"Debug\Shop 3.exe.embed.manifest" /manifest "Debug\Shop 3.exe.intermediate.manifest"
         All outputs are up-to-date.
       LinkEmbedManifest:
         All outputs are up-to-date.
         Shop 3.vcxproj -> C:\Users\Marko\Desktop\Store 3 - Binary Search Tree\Debug\Shop 3.exe
       FinalizeBuildStatus:
         Deleting file "Debug\Shop 3.unsuccessfulbuild".
         Touching "Debug\Shop 3.lastbuildstate".
     1>Done Building Project "C:\Users\Marko\Desktop\Store 3 - Binary Search Tree\Shop 3\Shop 3.vcxproj" (build target(s)).

Build succeeded.

Time Elapsed 00:00:00.77
